<?xml version="1.0" encoding="UTF-8"?>
<!-- Generated by org.testng.reporters.JUnitReportReporter -->
<testsuite hostname="DESKTOP-7954U5L" failures="0" tests="1" name="com.testscenarios.TTDdropdownsGetOptions" time="19.407" errors="0" timestamp="2022-04-08T12:48:46 IST" skipped="0">
  <testcase classname="com.testscenarios.TTDdropdownsGetOptions" name="f" time="19.407"/>
  <system-out/>
</testsuite> <!-- com.testscenarios.TTDdropdownsGetOptions -->
