<?xml version="1.0" encoding="UTF-8"?>
<!-- Generated by org.testng.reporters.JUnitReportReporter -->
<testsuite hostname="DESKTOP-7954U5L" failures="0" tests="1" name="com.testscenarios.Assignment" time="29.319" errors="0" timestamp="2022-03-21T14:14:07 IST" skipped="0">
  <testcase classname="com.testscenarios.Assignment" name="Fb" time="29.319"/>
  <system-out/>
</testsuite> <!-- com.testscenarios.Assignment -->
