<?xml version="1.0" encoding="UTF-8"?>
<!-- Generated by org.testng.reporters.JUnitReportReporter -->
<testsuite hostname="DESKTOP-7954U5L" failures="0" tests="2" name="com.testscenarios.FB_Login" time="18.653" errors="0" timestamp="2022-03-03T12:01:50 IST" skipped="0">
  <testcase classname="com.testscenarios.FB_Login" name="Fb" time="8.217"/>
  <system-out/>
  <testcase classname="com.testscenarios.FB_Login" name="ttd" time="10.436"/>
  <system-out/>
</testsuite> <!-- com.testscenarios.FB_Login -->
