<?xml version="1.0" encoding="UTF-8"?>
<!-- Generated by org.testng.reporters.JUnitReportReporter -->
<testsuite hostname="DESKTOP-7954U5L" failures="0" tests="2" name="com.testscenarios.FB_Login" time="22.989" errors="0" timestamp="2022-03-30T12:49:18 IST" skipped="0">
  <testcase classname="com.testscenarios.FB_Login" name="Fb" time="11.739"/>
  <system-out/>
  <testcase classname="com.testscenarios.FB_Login" name="ttd" time="11.250"/>
  <system-out/>
</testsuite> <!-- com.testscenarios.FB_Login -->
