<?xml version="1.0" encoding="UTF-8"?>
<!-- Generated by org.testng.reporters.JUnitReportReporter -->
<testsuite hostname="DESKTOP-7954U5L" failures="0" tests="1" name="com.testscenarios.WebTable" time="6.121" errors="0" timestamp="2022-02-22T13:00:13 IST" skipped="0">
  <testcase classname="com.testscenarios.WebTable" name="f" time="6.121"/>
  <system-out/>
</testsuite> <!-- com.testscenarios.WebTable -->
