<?xml version="1.0" encoding="UTF-8"?>
<!-- Generated by org.testng.reporters.JUnitReportReporter -->
<testsuite hostname="DESKTOP-7954U5L" failures="0" tests="3" name="com.testscenarios.Report_Extent" time="11.788" errors="0" timestamp="2022-04-09T13:46:17 IST" skipped="0">
  <testcase classname="com.testscenarios.Report_Extent" name="openbing" time="4.820"/>
  <system-out/>
  <testcase classname="com.testscenarios.Report_Extent" name="opengoogle" time="2.304"/>
  <system-out/>
  <testcase classname="com.testscenarios.Report_Extent" name="openwiki" time="4.664"/>
  <system-out/>
</testsuite> <!-- com.testscenarios.Report_Extent -->
