<?xml version="1.0" encoding="UTF-8"?>
<!-- Generated by org.testng.reporters.JUnitReportReporter -->
<testsuite hostname="DESKTOP-7954U5L" failures="0" tests="2" name="com.testscenarios.FB_Login" time="12.340" errors="0" timestamp="2022-02-28T18:21:19 IST" skipped="0">
  <testcase classname="com.testscenarios.FB_Login" name="Fb" time="10.874"/>
  <system-out/>
  <testcase classname="com.testscenarios.FB_Login" name="ttd" time="1.466"/>
  <system-out/>
</testsuite> <!-- com.testscenarios.FB_Login -->
