<?xml version="1.0" encoding="UTF-8"?>
<!-- Generated by org.testng.reporters.JUnitReportReporter -->
<testsuite hostname="DESKTOP-7954U5L" failures="0" tests="1" name="com.testscenarios.PopUpHandle22" time="10.402" errors="0" timestamp="2022-02-25T17:07:19 IST" skipped="0">
  <testcase classname="com.testscenarios.PopUpHandle22" name="popup" time="10.402"/>
  <system-out/>
</testsuite> <!-- com.testscenarios.PopUpHandle22 -->
