<?xml version="1.0" encoding="UTF-8"?>
<!-- Generated by org.testng.reporters.JUnitReportReporter -->
<testsuite hostname="DESKTOP-7954U5L" failures="0" tests="1" name="com.testscenarios.DatabaseTesting2" time="0.776" errors="0" timestamp="2022-04-06T17:37:40 IST" skipped="0">
  <testcase classname="com.testscenarios.DatabaseTesting2" name="getDataFromDataBase" time="0.776"/>
  <system-out/>
</testsuite> <!-- com.testscenarios.DatabaseTesting2 -->
