<?xml version="1.0" encoding="UTF-8"?>
<!-- Generated by org.testng.reporters.JUnitReportReporter -->
<testsuite hostname="DESKTOP-7954U5L" failures="0" tests="1" name="com.testscenarios.ToyotaAsst" time="21.572" errors="0" timestamp="2022-03-23T16:28:56 IST" skipped="0">
  <testcase classname="com.testscenarios.ToyotaAsst" name="Fb" time="21.572"/>
  <system-out/>
</testsuite> <!-- com.testscenarios.ToyotaAsst -->
