<?xml version="1.0" encoding="UTF-8"?>
<!-- Generated by org.testng.reporters.JUnitReportReporter -->
<testsuite hostname="DESKTOP-7954U5L" failures="0" tests="1" name="com.testscenarios.Weather" time="2.104" errors="0" timestamp="2022-02-22T13:27:10 IST" skipped="0">
  <testcase classname="com.testscenarios.Weather" name="f" time="2.104"/>
  <system-out/>
</testsuite> <!-- com.testscenarios.Weather -->
