<?xml version="1.0" encoding="UTF-8"?>
<!-- Generated by org.testng.reporters.JUnitReportReporter -->
<testsuite hostname="DESKTOP-7954U5L" failures="0" tests="4" name="com.testscenarios.DataDriven" time="32.737" errors="0" timestamp="2022-03-04T13:52:41 IST" skipped="0">
  <testcase classname="com.testscenarios.DataDriven" name="bothcorrect" time="6.835"/>
  <system-out/>
  <testcase classname="com.testscenarios.DataDriven" name="bothcorrect" time="7.052"/>
  <system-out/>
  <testcase classname="com.testscenarios.DataDriven" name="bothcorrect" time="11.849"/>
  <system-out/>
  <testcase classname="com.testscenarios.DataDriven" name="bothcorrect" time="7.001"/>
  <system-out/>
</testsuite> <!-- com.testscenarios.DataDriven -->
