<?xml version="1.0" encoding="UTF-8"?>
<!-- Generated by org.testng.reporters.JUnitReportReporter -->
<testsuite hostname="DESKTOP-7954U5L" failures="0" tests="1" name="com.testscenarios.Frames" time="10.024" errors="0" timestamp="2022-03-03T13:21:19 IST" skipped="0">
  <testcase classname="com.testscenarios.Frames" name="f" time="10.024"/>
  <system-out/>
</testsuite> <!-- com.testscenarios.Frames -->
