<?xml version="1.0" encoding="UTF-8"?>
<!-- Generated by org.testng.reporters.JUnitReportReporter -->
<testsuite hostname="DESKTOP-7954U5L" failures="0" tests="1" name="com.testscenarios.AutomateTest" time="18.253" errors="0" timestamp="2022-04-09T17:16:29 IST" skipped="0">
  <testcase classname="com.testscenarios.AutomateTest" name="f" time="18.253"/>
  <system-out/>
</testsuite> <!-- com.testscenarios.AutomateTest -->
